<?xml version="1.0" encoding="UTF-8"?>
<robot generator="Robot 6.0.1 (Python 3.8.10 on linux)" generated="20221212 15:50:37.894" rpa="false" schemaversion="3">
<suite id="s1" name="Src" source="/home/niklasny/Citebase/src">
<suite id="s1-s1" name="Tests" source="/home/niklasny/Citebase/src/tests">
<suite id="s1-s1-s1" name="Add Book" source="/home/niklasny/Citebase/src/tests/add_book.robot">
<test id="s1-s1-s1-t1" name="Application starts with prompt" line="5">
<kw name="Input" library="AppLibrary">
<arg>exit</arg>
<status status="PASS" starttime="20221212 15:50:37.938" endtime="20221212 15:50:37.944"/>
</kw>
<kw name="Run Application" library="AppLibrary">
<status status="PASS" starttime="20221212 15:50:37.944" endtime="20221212 15:50:37.945"/>
</kw>
<kw name="Output Should Contain" library="AppLibrary">
<arg>next command (new book, list books, exit, delete book, delete all, bib):</arg>
<status status="PASS" starttime="20221212 15:50:37.945" endtime="20221212 15:50:37.945"/>
</kw>
<status status="PASS" starttime="20221212 15:50:37.938" endtime="20221212 15:50:37.945"/>
</test>
<test id="s1-s1-s1-t2" name="Application indicates empty list in listing" line="10">
<kw name="Input" library="AppLibrary">
<arg>list books</arg>
<status status="PASS" starttime="20221212 15:50:37.945" endtime="20221212 15:50:37.952"/>
</kw>
<kw name="Input" library="AppLibrary">
<arg>exit</arg>
<status status="PASS" starttime="20221212 15:50:37.952" endtime="20221212 15:50:37.953"/>
</kw>
<kw name="Run Application" library="AppLibrary">
<status status="PASS" starttime="20221212 15:50:37.953" endtime="20221212 15:50:37.953"/>
</kw>
<kw name="Output Should Contain" library="AppLibrary">
<arg>No book titles!</arg>
<status status="PASS" starttime="20221212 15:50:37.953" endtime="20221212 15:50:37.953"/>
</kw>
<status status="PASS" starttime="20221212 15:50:37.945" endtime="20221212 15:50:37.954"/>
</test>
<test id="s1-s1-s1-t3" name="Adding New Book Is Listed" line="16">
<kw name="Input" library="AppLibrary">
<arg>new book</arg>
<status status="PASS" starttime="20221212 15:50:37.954" endtime="20221212 15:50:37.960"/>
</kw>
<kw name="Input" library="AppLibrary">
<arg>Harry Potter2</arg>
<status status="PASS" starttime="20221212 15:50:37.960" endtime="20221212 15:50:37.960"/>
</kw>
<kw name="Input" library="AppLibrary">
<arg>JK Rowling</arg>
<status status="PASS" starttime="20221212 15:50:37.960" endtime="20221212 15:50:37.961"/>
</kw>
<kw name="Input" library="AppLibrary">
<arg>2000</arg>
<status status="PASS" starttime="20221212 15:50:37.961" endtime="20221212 15:50:37.961"/>
</kw>
<kw name="Input" library="AppLibrary">
<arg>Otava</arg>
<status status="PASS" starttime="20221212 15:50:37.961" endtime="20221212 15:50:37.961"/>
</kw>
<kw name="Input" library="AppLibrary">
<arg>list books</arg>
<status status="PASS" starttime="20221212 15:50:37.961" endtime="20221212 15:50:37.961"/>
</kw>
<kw name="Input" library="AppLibrary">
<arg>exit</arg>
<status status="PASS" starttime="20221212 15:50:37.961" endtime="20221212 15:50:37.961"/>
</kw>
<kw name="Run Application" library="AppLibrary">
<status status="PASS" starttime="20221212 15:50:37.961" endtime="20221212 15:50:37.964"/>
</kw>
<kw name="Output Should Contain" library="AppLibrary">
<arg>Harry Potter2</arg>
<status status="PASS" starttime="20221212 15:50:37.965" endtime="20221212 15:50:37.965"/>
</kw>
<status status="PASS" starttime="20221212 15:50:37.954" endtime="20221212 15:50:37.965"/>
</test>
<status status="PASS" starttime="20221212 15:50:37.906" endtime="20221212 15:50:37.965"/>
</suite>
<suite id="s1-s1-s2" name="Delete Book" source="/home/niklasny/Citebase/src/tests/delete_book.robot">
<test id="s1-s1-s2-t1" name="Deleting One Book" line="5">
<kw name="Add Book" library="resources">
<arg>Harry Potter</arg>
<arg>JK Rowling</arg>
<arg>2000</arg>
<arg>Otava</arg>
<kw name="Input" library="AppLibrary">
<arg>new book</arg>
<status status="PASS" starttime="20221212 15:50:37.968" endtime="20221212 15:50:37.975"/>
</kw>
<kw name="Input" library="AppLibrary">
<arg>${title}</arg>
<status status="PASS" starttime="20221212 15:50:37.975" endtime="20221212 15:50:37.976"/>
</kw>
<kw name="Input" library="AppLibrary">
<arg>${author}</arg>
<status status="PASS" starttime="20221212 15:50:37.976" endtime="20221212 15:50:37.976"/>
</kw>
<kw name="Input" library="AppLibrary">
<arg>${year}</arg>
<status status="PASS" starttime="20221212 15:50:37.976" endtime="20221212 15:50:37.976"/>
</kw>
<kw name="Input" library="AppLibrary">
<arg>${publisher}</arg>
<status status="PASS" starttime="20221212 15:50:37.976" endtime="20221212 15:50:37.976"/>
</kw>
<status status="PASS" starttime="20221212 15:50:37.968" endtime="20221212 15:50:37.976"/>
</kw>
<kw name="Add Book" library="resources">
<arg>Tirakirja</arg>
<arg>Antti Laaksonen</arg>
<arg>2020</arg>
<arg>HY</arg>
<kw name="Input" library="AppLibrary">
<arg>new book</arg>
<status status="PASS" starttime="20221212 15:50:37.977" endtime="20221212 15:50:37.977"/>
</kw>
<kw name="Input" library="AppLibrary">
<arg>${title}</arg>
<status status="PASS" starttime="20221212 15:50:37.977" endtime="20221212 15:50:37.977"/>
</kw>
<kw name="Input" library="AppLibrary">
<arg>${author}</arg>
<status status="PASS" starttime="20221212 15:50:37.977" endtime="20221212 15:50:37.977"/>
</kw>
<kw name="Input" library="AppLibrary">
<arg>${year}</arg>
<status status="PASS" starttime="20221212 15:50:37.977" endtime="20221212 15:50:37.977"/>
</kw>
<kw name="Input" library="AppLibrary">
<arg>${publisher}</arg>
<status status="PASS" starttime="20221212 15:50:37.977" endtime="20221212 15:50:37.977"/>
</kw>
<status status="PASS" starttime="20221212 15:50:37.976" endtime="20221212 15:50:37.977"/>
</kw>
<kw name="Input" library="AppLibrary">
<arg>delete book</arg>
<status status="PASS" starttime="20221212 15:50:37.978" endtime="20221212 15:50:37.978"/>
</kw>
<kw name="Input" library="AppLibrary">
<arg>Tirakirja</arg>
<status status="PASS" starttime="20221212 15:50:37.978" endtime="20221212 15:50:37.978"/>
</kw>
<kw name="Input" library="AppLibrary">
<arg>list books</arg>
<status status="PASS" starttime="20221212 15:50:37.978" endtime="20221212 15:50:37.978"/>
</kw>
<kw name="Input" library="AppLibrary">
<arg>exit</arg>
<status status="PASS" starttime="20221212 15:50:37.978" endtime="20221212 15:50:37.978"/>
</kw>
<kw name="Run Application" library="AppLibrary">
<status status="PASS" starttime="20221212 15:50:37.978" endtime="20221212 15:50:37.989"/>
</kw>
<kw name="Output Should Contain" library="AppLibrary">
<arg>Harry Potter</arg>
<status status="PASS" starttime="20221212 15:50:37.989" endtime="20221212 15:50:37.989"/>
</kw>
<status status="PASS" starttime="20221212 15:50:37.968" endtime="20221212 15:50:37.989"/>
</test>
<status status="PASS" starttime="20221212 15:50:37.965" endtime="20221212 15:50:37.990"/>
</suite>
<status status="PASS" starttime="20221212 15:50:37.905" endtime="20221212 15:50:37.990"/>
</suite>
<status status="PASS" starttime="20221212 15:50:37.895" endtime="20221212 15:50:37.991"/>
</suite>
<statistics>
<total>
<stat pass="4" fail="0" skip="0">All Tests</stat>
</total>
<tag>
</tag>
<suite>
<stat pass="4" fail="0" skip="0" id="s1" name="Src">Src</stat>
<stat pass="4" fail="0" skip="0" id="s1-s1" name="Tests">Src.Tests</stat>
<stat pass="3" fail="0" skip="0" id="s1-s1-s1" name="Add Book">Src.Tests.Add Book</stat>
<stat pass="1" fail="0" skip="0" id="s1-s1-s2" name="Delete Book">Src.Tests.Delete Book</stat>
</suite>
</statistics>
<errors>
</errors>
</robot>
